python : Traceback (most recent call last):
At line:1 char:62
+ ... y\scratch"; python -m uvicorn 
backend.main:app --host 0.0.0.0 --port  ...
+                 ~~~~~~~~~~~~~~~~~~~~~~~~~~~~~~~
~~~~~~~~~~~~~~~~~~~~~~~~~~
    + CategoryInfo          : NotSpecified: (Tra 
   ceback (most recent call last)::String) [],   
  RemoteException
    + FullyQualifiedErrorId : NativeCommandError
 
  File "C:\Python\Python310\lib\site-packages\pyd
antic\networks.py", line 403, in 
import_email_validator
    import email_validator
ModuleNotFoundError: No module named 
'email_validator'

The above exception was the direct cause of the 
following exception:

Traceback (most recent call last):
  File "C:\Python\Python310\lib\runpy.py", line 
196, in _run_module_as_main
    return _run_code(code, main_globals, None,
  File "C:\Python\Python310\lib\runpy.py", line 
86, in _run_code
    exec(code, run_globals)
  File "C:\Python\Python310\lib\site-packages\uvi
corn\__main__.py", line 4, in <module>
    uvicorn.main()
  File "C:\Python\Python310\lib\site-packages\cli
ck\core.py", line 1157, in __call__
    return self.main(*args, **kwargs)
  File "C:\Python\Python310\lib\site-packages\cli
ck\core.py", line 1078, in main
    rv = self.invoke(ctx)
  File "C:\Python\Python310\lib\site-packages\cli
ck\core.py", line 1434, in invoke
    return ctx.invoke(self.callback, 
**ctx.params)
  File "C:\Python\Python310\lib\site-packages\cli
ck\core.py", line 783, in invoke
    return __callback(*args, **kwargs)
  File "C:\Python\Python310\lib\site-packages\uvi
corn\main.py", line 416, in main
    run(
  File "C:\Python\Python310\lib\site-packages\uvi
corn\main.py", line 587, in run
    server.run()
  File "C:\Python\Python310\lib\site-packages\uvi
corn\server.py", line 61, in run
    return 
asyncio.run(self.serve(sockets=sockets))
  File 
"C:\Python\Python310\lib\asyncio\runners.py", 
line 44, in run
    return loop.run_until_complete(main)
  File "C:\Python\Python310\lib\asyncio\base_even
ts.py", line 641, in run_until_complete
    return future.result()
  File "C:\Python\Python310\lib\site-packages\uvi
corn\server.py", line 68, in serve
    config.load()
  File "C:\Python\Python310\lib\site-packages\uvi
corn\config.py", line 467, in load
    self.loaded_app = 
import_from_string(self.app)
  File "C:\Python\Python310\lib\site-packages\uvi
corn\importer.py", line 21, in import_from_string
    module = importlib.import_module(module_str)
  File 
"C:\Python\Python310\lib\importlib\__init__.py", 
line 126, in import_module
    return _bootstrap._gcd_import(name[level:], 
package, level)
  File "<frozen importlib._bootstrap>", line 
1050, in _gcd_import
  File "<frozen importlib._bootstrap>", line 
1027, in _find_and_load
  File "<frozen importlib._bootstrap>", line 
1006, in _find_and_load_unlocked
  File "<frozen importlib._bootstrap>", line 
688, in _load_unlocked
  File "<frozen importlib._bootstrap_external>", 
line 883, in exec_module
  File "<frozen importlib._bootstrap>", line 
241, in _call_with_frames_removed
  File "C:\Users\ASUS\.gemini\antigravity\scratch
\backend\main.py", line 4, in <module>
    from backend.app.api.auth import router as 
auth_router
  File "C:\Users\ASUS\.gemini\antigravity\scratch
\backend\app\api\auth.py", line 14, in <module>
    class UserCreate(BaseModel):
  File "C:\Python\Python310\lib\site-packages\pyd
antic\_internal\_model_construction.py", line 
202, in __new__
    complete_model_class(
  File "C:\Python\Python310\lib\site-packages\pyd
antic\_internal\_model_construction.py", line 
539, in complete_model_class
    schema = 
cls.__get_pydantic_core_schema__(cls, handler)
  File "C:\Python\Python310\lib\site-packages\pyd
antic\main.py", line 626, in 
__get_pydantic_core_schema__
    return handler(source)
  File "C:\Python\Python310\lib\site-packages\pyd
antic\_internal\_schema_generation_shared.py", 
line 82, in __call__
    schema = self._handler(source_type)
  File "C:\Python\Python310\lib\site-packages\pyd
antic\_internal\_generate_schema.py", line 502, 
in generate_schema
    schema = self._generate_schema_inner(obj)
  File "C:\Python\Python310\lib\site-packages\pyd
antic\_internal\_generate_schema.py", line 753, 
in _generate_schema_inner
    return self._model_schema(obj)
  File "C:\Python\Python310\lib\site-packages\pyd
antic\_internal\_generate_schema.py", line 580, 
in _model_schema
    {k: self._generate_md_field_schema(k, v, 
decorators) for k, v in fields.items()},
  File "C:\Python\Python310\lib\site-packages\pyd
antic\_internal\_generate_schema.py", line 580, 
in <dictcomp>
    {k: self._generate_md_field_schema(k, v, 
decorators) for k, v in fields.items()},
  File "C:\Python\Python310\lib\site-packages\pyd
antic\_internal\_generate_schema.py", line 916, 
in _generate_md_field_schema
    common_field = 
self._common_field_schema(name, field_info, 
decorators)
  File "C:\Python\Python310\lib\site-packages\pyd
antic\_internal\_generate_schema.py", line 1081, 
in _common_field_schema
    schema = self._apply_annotations(
  File "C:\Python\Python310\lib\site-packages\pyd
antic\_internal\_generate_schema.py", line 1820, 
in _apply_annotations
    schema = get_inner_schema(source_type)
  File "C:\Python\Python310\lib\site-packages\pyd
antic\_internal\_schema_generation_shared.py", 
line 82, in __call__
    schema = self._handler(source_type)
  File "C:\Python\Python310\lib\site-packages\pyd
antic\_internal\_generate_schema.py", line 1799, 
in inner_handler
    from_property = 
self._generate_schema_from_property(obj, obj)
  File "C:\Python\Python310\lib\site-packages\pyd
antic\_internal\_generate_schema.py", line 648, 
in _generate_schema_from_property
    schema = get_schema(
  File "C:\Python\Python310\lib\site-packages\pyd
antic\networks.py", line 443, in 
__get_pydantic_core_schema__
    import_email_validator()
  File "C:\Python\Python310\lib\site-packages\pyd
antic\networks.py", line 405, in 
import_email_validator
    raise ImportError('email-validator is not 
installed, run `pip install pydantic[email]`') 
from e
ImportError: email-validator is not installed, 
run `pip install pydantic[email]`
