Testing with user: test_user_dd7e3bc3-dcdb-41ef-84e5-c496cc9ed7c1@example.com

1. Registering...
python : Traceback (most recent call last):
At line:1 char:1
+ python verify_auth_payment_flow.py > 
verify_result.txt 2>&1
+ ~~~~~~~~~~~~~~~~~~~~~~~~~~~~~~~~~~~~~~~~~~~~~~~
~~~~~~~~~~~~
    + CategoryInfo          : NotSpecified: (Tra 
   ceback (most recent call last)::String) [],   
  RemoteException
    + FullyQualifiedErrorId : NativeCommandError
 
  File "C:\Python\Python310\lib\site-packages\url
lib3\connection.py", line 174, in _new_conn
    conn = connection.create_connection(
  File "C:\Python\Python310\lib\site-packages\url
lib3\util\connection.py", line 95, in 
create_connection
    raise err
  File "C:\Python\Python310\lib\site-packages\url
lib3\util\connection.py", line 85, in 
create_connection
    sock.connect(sa)
ConnectionRefusedError: [WinError 10061] No 
connection could be made because the target 
machine actively refused it

During handling of the above exception, another 
exception occurred:

Traceback (most recent call last):
  File "C:\Python\Python310\lib\site-packages\url
lib3\connectionpool.py", line 715, in urlopen
    httplib_response = self._make_request(
  File "C:\Python\Python310\lib\site-packages\url
lib3\connectionpool.py", line 416, in 
_make_request
    conn.request(method, url, 
**httplib_request_kw)
  File "C:\Python\Python310\lib\site-packages\url
lib3\connection.py", line 244, in request
    super(HTTPConnection, self).request(method, 
url, body=body, headers=headers)
  File "C:\Python\Python310\lib\http\client.py", 
line 1276, in request
    self._send_request(method, url, body, 
headers, encode_chunked)
  File "C:\Python\Python310\lib\http\client.py", 
line 1322, in _send_request
    self.endheaders(body, 
encode_chunked=encode_chunked)
  File "C:\Python\Python310\lib\http\client.py", 
line 1271, in endheaders
    self._send_output(message_body, 
encode_chunked=encode_chunked)
  File "C:\Python\Python310\lib\http\client.py", 
line 1031, in _send_output
    self.send(msg)
  File "C:\Python\Python310\lib\http\client.py", 
line 969, in send
    self.connect()
  File "C:\Python\Python310\lib\site-packages\url
lib3\connection.py", line 205, in connect
    conn = self._new_conn()
  File "C:\Python\Python310\lib\site-packages\url
lib3\connection.py", line 186, in _new_conn
    raise NewConnectionError(
urllib3.exceptions.NewConnectionError: 
<urllib3.connection.HTTPConnection object at 
0x00000272300E6530>: Failed to establish a new 
connection: [WinError 10061] No connection could 
be made because the target machine actively 
refused it

During handling of the above exception, another 
exception occurred:

Traceback (most recent call last):
  File "C:\Python\Python310\lib\site-packages\req
uests\adapters.py", line 486, in send
    resp = conn.urlopen(
  File "C:\Python\Python310\lib\site-packages\url
lib3\connectionpool.py", line 801, in urlopen
    retries = retries.increment(
  File "C:\Python\Python310\lib\site-packages\url
lib3\util\retry.py", line 594, in increment
    raise MaxRetryError(_pool, url, error or 
ResponseError(cause))
urllib3.exceptions.MaxRetryError: 
HTTPConnectionPool(host='localhost', port=8000): 
Max retries exceeded with url: 
/api/auth/register (Caused by NewConnectionError(
'<urllib3.connection.HTTPConnection object at 
0x00000272300E6530>: Failed to establish a new 
connection: [WinError 10061] No connection could 
be made because the target machine actively 
refused it'))

During handling of the above exception, another 
exception occurred:

Traceback (most recent call last):
  File "C:\Users\ASUS\.gemini\antigravity\scratch
\verify_auth_payment_flow.py", line 103, in 
<module>
    run_verification()
  File "C:\Users\ASUS\.gemini\antigravity\scratch
\verify_auth_payment_flow.py", line 14, in 
run_verification
    resp = 
requests.post(f"{BASE_URL}/api/auth/register", 
json={"email": EMAIL, "password": PASSWORD})
  File "C:\Python\Python310\lib\site-packages\req
uests\api.py", line 115, in post
    return request("post", url, data=data, 
json=json, **kwargs)
  File "C:\Python\Python310\lib\site-packages\req
uests\api.py", line 59, in request
    return session.request(method=method, 
url=url, **kwargs)
  File "C:\Python\Python310\lib\site-packages\req
uests\sessions.py", line 589, in request
    resp = self.send(prep, **send_kwargs)
  File "C:\Python\Python310\lib\site-packages\req
uests\sessions.py", line 703, in send
    r = adapter.send(request, **kwargs)
  File "C:\Python\Python310\lib\site-packages\req
uests\adapters.py", line 519, in send
    raise ConnectionError(e, request=request)
requests.exceptions.ConnectionError: 
HTTPConnectionPool(host='localhost', port=8000): 
Max retries exceeded with url: 
/api/auth/register (Caused by NewConnectionError(
'<urllib3.connection.HTTPConnection object at 
0x00000272300E6530>: Failed to establish a new 
connection: [WinError 10061] No connection could 
be made because the target machine actively 
refused it'))
